<?xml version="1.0" encoding="UTF-8"?>
<!-- Generated by org.testng.reporters.JUnitReportReporter -->
<testsuite skipped="0" hostname="ShreeHari" name="com.automation.testsuite.SignInPageTest" tests="7" failures="0" timestamp="2022-05-08T03:09:19 BST" time="71.818" errors="0">
  <testcase name="verifyThatUserShouldLogOutSuccessFully" time="9.804" classname="com.automation.testsuite.SignInPageTest"/>
  <system-out/>
  <testcase name="verifyTheErrorMessageWithInValidCredentials" time="7.206" classname="com.automation.testsuite.SignInPageTest"/>
  <system-out/>
  <testcase name="verifyTheErrorMessageWithInValidCredentials" time="15.455" classname="com.automation.testsuite.SignInPageTest"/>
  <system-out/>
  <testcase name="verifyTheErrorMessageWithInValidCredentials" time="8.604" classname="com.automation.testsuite.SignInPageTest"/>
  <system-out/>
  <testcase name="verifyTheErrorMessageWithInValidCredentials" time="14.004" classname="com.automation.testsuite.SignInPageTest"/>
  <system-out/>
  <testcase name="userShouldNavigateToSignInPageSuccessFully" time="8.386" classname="com.automation.testsuite.SignInPageTest"/>
  <system-out/>
  <testcase name="verifyThatUserShouldLogInSuccessFullyWithValidCredentials" time="8.359" classname="com.automation.testsuite.SignInPageTest"/>
  <system-out/>
</testsuite> <!-- com.automation.testsuite.SignInPageTest -->
