<?xml version="1.0" encoding="UTF-8"?>
<!-- Generated by org.testng.reporters.JUnitReportReporter -->
<testsuite skipped="0" hostname="ShreeHari" name="com.automation.testsuite.CreateAccountPageTest" tests="1" failures="0" timestamp="2022-05-09T15:25:56 BST" time="15.991" errors="0">
  <testcase name="verifyThatUserShouldCreateAccountSuccessfully" time="15.991" classname="com.automation.testsuite.CreateAccountPageTest"/>
  <system-out/>
</testsuite> <!-- com.automation.testsuite.CreateAccountPageTest -->
