<?xml version="1.0" encoding="UTF-8"?>
<!-- Generated by org.testng.reporters.JUnitReportReporter -->
<testsuite skipped="0" hostname="ShreeHari" name="com.automation.testsuite.WomenCategoryPageTest" tests="5" failures="0" timestamp="2022-05-09T15:25:56 BST" time="105.749" errors="0">
  <testcase name="verifyUserShouldAddProductToTheCartSuccessfully" time="20.871" classname="com.automation.testsuite.WomenCategoryPageTest"/>
  <system-out/>
  <testcase name="verifyUserShouldNavigateToWomenCategoryPageSuccessfully" time="15.357" classname="com.automation.testsuite.WomenCategoryPageTest"/>
  <system-out/>
  <testcase name="verifyUserShouldAddProductToTheCartSuccessfully" time="26.683" classname="com.automation.testsuite.WomenCategoryPageTest"/>
  <system-out/>
  <testcase name="verifyUserShouldAddProductToTheCartSuccessfully" time="19.271" classname="com.automation.testsuite.WomenCategoryPageTest"/>
  <system-out/>
  <testcase name="verifyUserShouldAddProductToTheCartSuccessfully" time="23.567" classname="com.automation.testsuite.WomenCategoryPageTest"/>
  <system-out/>
</testsuite> <!-- com.automation.testsuite.WomenCategoryPageTest -->
