<?xml version="1.0" encoding="UTF-8"?>
<!-- Generated by org.testng.reporters.JUnitReportReporter -->
<testsuite skipped="0" hostname="ShreeHari" name="com.automation.testsuite.SignInPageTest" tests="7" failures="0" timestamp="2022-05-09T15:25:56 BST" time="71.556" errors="0">
  <testcase name="verifyTheErrorMessageWithInValidCredentials" time="10.404" classname="com.automation.testsuite.SignInPageTest"/>
  <system-out/>
  <testcase name="userShouldNavigateToSignInPageSuccessFully" time="7.080" classname="com.automation.testsuite.SignInPageTest"/>
  <system-out/>
  <testcase name="verifyTheErrorMessageWithInValidCredentials" time="10.905" classname="com.automation.testsuite.SignInPageTest"/>
  <system-out/>
  <testcase name="verifyTheErrorMessageWithInValidCredentials" time="8.028" classname="com.automation.testsuite.SignInPageTest"/>
  <system-out/>
  <testcase name="verifyThatUserShouldLogOutSuccessFully" time="13.439" classname="com.automation.testsuite.SignInPageTest"/>
  <system-out/>
  <testcase name="verifyTheErrorMessageWithInValidCredentials" time="11.615" classname="com.automation.testsuite.SignInPageTest"/>
  <system-out/>
  <testcase name="verifyThatUserShouldLogInSuccessFullyWithValidCredentials" time="10.085" classname="com.automation.testsuite.SignInPageTest"/>
  <system-out/>
</testsuite> <!-- com.automation.testsuite.SignInPageTest -->
